<?xml version="1.0" encoding="UTF-8"?>
<!-- Generated by org.testng.reporters.JUnitReportReporter -->
<testsuite hostname="10812-LAP-0334" failures="0" tests="1" name="com.exercise.test.CreateData" time="19.641" errors="0" timestamp="2023-09-21T12:07:00 IST" skipped="0">
  <testcase classname="com.exercise.test.CreateData" name="createData" time="19.641"/>
</testsuite> <!-- com.exercise.test.CreateData -->
